<?xml version="1.0" encoding="UTF-8"?>
<testng-results skipped="0" failed="0" ignored="0" total="1" passed="1">
  <reporter-output>
  </reporter-output>
  <suite name="Default suite" duration-ms="99375" started-at="2020-07-07T09:25:39Z" finished-at="2020-07-07T09:27:18Z">
    <groups>
    </groups>
    <test name="Default test" duration-ms="99375" started-at="2020-07-07T09:25:39Z" finished-at="2020-07-07T09:27:18Z">
      <class name="com.company.test.LoginTest">
        <test-method status="PASS" signature="setup()[pri:0, instance:com.company.test.LoginTest@18be83e4]" name="setup" is-config="true" duration-ms="95142" started-at="2020-07-07T09:25:39Z" finished-at="2020-07-07T09:27:14Z">
          <reporter-output>
          </reporter-output>
        </test-method> <!-- setup -->
        <test-method status="PASS" signature="loginApp()[pri:0, instance:com.company.test.LoginTest@18be83e4]" name="loginApp" duration-ms="3326" started-at="2020-07-07T09:27:14Z" finished-at="2020-07-07T09:27:17Z">
          <reporter-output>
          </reporter-output>
        </test-method> <!-- loginApp -->
        <test-method status="PASS" signature="close()[pri:0, instance:com.company.test.LoginTest@18be83e4]" name="close" is-config="true" duration-ms="874" started-at="2020-07-07T09:27:17Z" finished-at="2020-07-07T09:27:18Z">
          <reporter-output>
          </reporter-output>
        </test-method> <!-- close -->
      </class> <!-- com.company.test.LoginTest -->
    </test> <!-- Default test -->
  </suite> <!-- Default suite -->
</testng-results>
