<?xml version="1.0" encoding="UTF-8"?>
<testng-results skipped="0" failed="0" total="2" passed="2">
  <reporter-output>
  </reporter-output>
  <suite name="Default suite" duration-ms="65694" started-at="2020-05-15T12:29:50Z" finished-at="2020-05-15T12:30:55Z">
    <groups>
    </groups>
    <test name="Default test" duration-ms="65694" started-at="2020-05-15T12:29:50Z" finished-at="2020-05-15T12:30:55Z">
      <class name="com.scoma.RememberMe">
        <test-method status="PASS" signature="openBrowser()[pri:0, instance:com.scoma.RememberMe@548b7f67]" name="openBrowser" is-config="true" duration-ms="29948" started-at="2020-05-15T17:59:50Z" finished-at="2020-05-15T18:00:20Z">
          <reporter-output>
          </reporter-output>
        </test-method> <!-- openBrowser -->
        <test-method status="PASS" signature="loginApp()[pri:0, instance:com.scoma.RememberMe@548b7f67]" name="loginApp" duration-ms="7927" started-at="2020-05-15T18:00:20Z" finished-at="2020-05-15T18:00:28Z">
          <reporter-output>
          </reporter-output>
        </test-method> <!-- loginApp -->
        <test-method status="PASS" signature="LogoutApp()[pri:1, instance:com.scoma.RememberMe@548b7f67]" name="LogoutApp" duration-ms="27782" started-at="2020-05-15T18:00:28Z" finished-at="2020-05-15T18:00:55Z">
          <reporter-output>
          </reporter-output>
        </test-method> <!-- LogoutApp -->
      </class> <!-- com.scoma.RememberMe -->
    </test> <!-- Default test -->
  </suite> <!-- Default suite -->
</testng-results>
